    0     6.17338e+06          114040     6.04027e+06        0.953707               0               0  1
    1     4.44161e+06          112708     4.30738e+06         1.07214       0.0132473         88.0059  13
    2          373154          101503          234273         1.74286          1.3664         2518.89  15
    3          210498         94932.7         76634.7         1.79451         3.53383         3037.38  17
    4          147102         86453.9         20479.1         1.83716         8.56428         3416.85  19
    5          130318         79420.6         10238.6         1.85651         15.5734         3513.05  21
    6          122263         74782.7         6590.08         1.86835         22.1333         3500.93  23
    7          116087           69846         4993.71         1.88529         31.2717          3510.3  25
    8          109192         62832.6         4512.18         1.91293         49.0327         3539.75  27
    9         97244.3           48020          5945.8         1.97489         114.822         3665.88  29
   10         90630.4         32757.1         12681.5         2.04928         267.502         3938.82  31
   11         81589.3         31931.9          4682.9          2.0444         268.885         3817.74  33
   12         76663.3         28961.8         2775.89          2.0465         303.068         3692.46  35
   13           71925           24288          2552.2           2.056         384.672         3580.13  37
   14         68363.6           18957         4403.57         2.05593         542.727         3341.63  39
   15         64438.7           17265         2151.83         2.05577         642.519         3263.99  41
   16           63250         17181.7         1324.07         2.04484         635.636         3211.74  43
   17         61396.1         16266.5         1125.52         2.01302         678.867         3064.84  45
   18         60958.3         14694.5         3069.39          1.9722          815.35         2935.09  47
   19         58843.5         14373.9         1494.97          1.9609         854.249         2902.32  49
   20         57749.7           13944         1107.11         1.94617         916.562         2858.69  51
   21         56809.3         13422.1         1123.02         1.92212         1009.97         2811.83  53
   22         55916.8         12673.1         1753.76          1.8759         1194.55         2777.42  55
   23         55581.9         12199.8         2359.25          1.8425         1365.35         2807.47  57
   24           54130         12315.5         1107.79         1.83409         1266.57         2758.29  59
   25         53505.1         12262.5         922.232         1.81538         1260.24         2752.45  61
   26         52793.7         12079.7         1175.57         1.77172         1315.08         2788.95  63
   27         52333.4           12003         1842.73         1.70936          1405.2         2895.35  65
   28         51071.1         12027.5         927.842         1.68956         1415.82         2908.74  67
   29         50585.5         12032.5         696.242         1.68087         1381.85         2857.44  69
   30         50017.1         12036.3         730.098         1.65067         1395.05         2842.19  71
