    0                        3.81829         28.0554  1
    1                        3.79592         23.6917  13
    2                        3.60231         5.52523  15
    3                        3.48377         3.16011  17
    4                        3.32455          1.6336  19
    5                        3.18646         1.15507  21
    6                        3.09202         0.92669  23
    7                        2.98822        0.806679  25
    8                        2.83422          0.7668  27
    9                        2.47772        0.880226  29
   10                        2.04641         1.28551  31
   11                        2.02047        0.781172  33
   12                        1.92422        0.601437  35
   13                        1.76212        0.576695  37
   14                        1.55678        0.757516  39
   15                        1.48568        0.529533  41
   16                        1.48209         0.41538  43
   17                        1.44207         0.38297  45
   18                        1.37062        0.632434  47
   19                        1.35559        0.441373  49
   20                        1.33516        0.379826  51
   21                        1.30994        0.382546  53
   22                        1.27287        0.478051  55
   23                        1.24887        0.554467  57
   24                        1.25478        0.379942  59
   25                        1.25208        0.346664  61
   26                        1.24271        0.391393  63
   27                        1.23876        0.490027  65
   28                        1.24002        0.347717  67
   29                        1.24028         0.30121  69
   30                        1.24047        0.308446  71
